Build started 10.01.2014 16:35:35.
     1>Project "I:\Documents\Observer\ObserverC++\Observer\Observer.vcxproj" on node 2 (Build target(s)).
     1>ClCompile:
         K:\Programme (x86)\Microsoft Visual Studio 11.0\VC\bin\CL.exe /c /ZI /nologo /W3 /WX- /sdl /Od /Oy- /D WIN32 /D _DEBUG /D _CONSOLE /D _UNICODE /D UNICODE /Gm /EHsc /RTC1 /MDd /GS /fp:precise /Zc:wchar_t /Zc:forScope /Fo"Debug\\" /Fd"Debug\vc110.pdb" /Gd /TP /analyze- /errorReport:prompt Observer.cpp
         Observer.cpp
     1>i:\documents\observer\observerc++\observer\observer.cpp(28): error C3867: 'NewsServer::propagateNews': function call missing argument list; use '&NewsServer::propagateNews' to create a pointer to member
     1>Done Building Project "I:\Documents\Observer\ObserverC++\Observer\Observer.vcxproj" (Build target(s)) -- FAILED.

Build FAILED.

Time Elapsed 00:00:00.52
